[1708887238.769][INFO]: Starting ChromeDriver 121.0.6167.184 (057a8ae7deb3374d0f1b04b36304d236f0136188-refs/branch-heads/6167@{#1818}) on port 32975
[1708887238.769][INFO]: Please see https://chromedriver.chromium.org/security-considerations for suggestions on keeping ChromeDriver safe.
[1708887239.233][INFO]: [9044596ebfd090b4f7b5434089b84e05] COMMAND InitSession {
   "capabilities": {
      "firstMatch": [ {
         "browserName": "chrome",
         "goog:chromeOptions": {
            "args": [  ],
            "extensions": [  ]
         },
         "goog:loggingPrefs": {
            "browser": "ALL",
            "driver": "ALL"
         }
      } ]
   }
}
[1708887239.233][INFO]: Browser search. Trying... C:\Users\pavan\.cache\selenium\chromedriver\win64\121.0.6167.184\chrome.exe
[1708887239.233][INFO]: Browser search. Trying... C:\Users\pavan\.cache\selenium\chromedriver\win64\121.0.6167.184\chrome.exe
[1708887239.233][INFO]: Browser search. Trying... C:\Users\pavan\.cache\selenium\chromedriver\win64\121.0.6167.184\chromium.exe
[1708887239.238][INFO]: Browser search. Trying... C:\Users\pavan\AppData\Local\Google\Chrome\Application\chrome.exe
[1708887239.238][INFO]: Browser search. Trying... C:\Program Files\Google\Chrome\Application\chrome.exe
[1708887239.238][INFO]: Browser search. Found at  C:\Program Files\Google\Chrome\Application\chrome.exe
[1708887239.239][INFO]: Populating Preferences file: {
   "alternate_error_pages": {
      "enabled": false
   },
   "autofill": {
      "enabled": false
   },
   "browser": {
      "check_default_browser": false
   },
   "distribution": {
      "import_bookmarks": false,
      "import_history": false,
      "import_search_engine": false,
      "make_chrome_default_for_user": false,
      "skip_first_run_ui": true
   },
   "dns_prefetching": {
      "enabled": false
   },
   "profile": {
      "content_settings": {
         "pattern_pairs": {
            "https://*,*": {
               "media-stream": {
                  "audio": "Default",
                  "video": "Default"
               }
            }
         }
      },
      "default_content_setting_values": {
         "geolocation": 1
      },
      "default_content_settings": {
         "geolocation": 1,
         "mouselock": 1,
         "notifications": 1,
         "popups": 1,
         "ppapi-broker": 1
      },
      "password_manager_enabled": false
   },
   "safebrowsing": {
      "enabled": false
   },
   "search": {
      "suggest_enabled": false
   },
   "translate": {
      "enabled": false
   }
}
[1708887239.240][INFO]: Populating Local State file: {
   "background_mode": {
      "enabled": false
   },
   "ssl": {
      "rev_checking": {
         "enabled": false
      }
   }
}
[1708887239.242][INFO]: ChromeDriver supports communication with Chrome via pipes. This is more reliable and more secure.
[1708887239.242][INFO]: Use the --remote-debugging-pipe Chrome switch instead of the default --remote-debugging-port to enable this communication mode.
[1708887239.244][INFO]: Launching chrome: "C:\Program Files\Google\Chrome\Application\chrome.exe" --allow-pre-commit-input --disable-background-networking --disable-backgrounding-occluded-windows --disable-client-side-phishing-detection --disable-default-apps --disable-hang-monitor --disable-popup-blocking --disable-prompt-on-repost --disable-sync --enable-automation --enable-logging --log-level=0 --no-first-run --no-service-autorun --password-store=basic --remote-debugging-port=0 --test-type=webdriver --use-mock-keychain --user-data-dir="C:\Users\pavan\AppData\Local\Temp\scoped_dir13968_1494933324" data:,
[1708887241.974][INFO]: resolved localhost to ["::1","127.0.0.1"]
[1708887242.018][INFO]: [9044596ebfd090b4f7b5434089b84e05] RESPONSE InitSession {
   "capabilities": {
      "acceptInsecureCerts": false,
      "browserName": "chrome",
      "browserVersion": "121.0.6167.185",
      "chrome": {
         "chromedriverVersion": "121.0.6167.184 (057a8ae7deb3374d0f1b04b36304d236f0136188-refs/branch-heads/6167@{#1818})",
         "userDataDir": "C:\\Users\\pavan\\AppData\\Local\\Temp\\scoped_dir13968_1494933324"
      },
      "fedcm:accounts": true,
      "goog:chromeOptions": {
         "debuggerAddress": "localhost:61774"
      },
      "networkConnectionEnabled": false,
      "pageLoadStrategy": "normal",
      "platformName": "windows",
      "proxy": {
      },
      "setWindowRect": true,
      "strictFileInteractability": false,
      "timeouts": {
         "implicit": 0,
         "pageLoad": 300000,
         "script": 30000
      },
      "unhandledPromptBehavior": "dismiss and notify",
      "webauthn:extension:credBlob": true,
      "webauthn:extension:largeBlob": true,
      "webauthn:extension:minPinLength": true,
      "webauthn:extension:prf": true,
      "webauthn:virtualAuthenticators": true
   },
   "sessionId": "9044596ebfd090b4f7b5434089b84e05"
}
[1708887242.762][INFO]: [9044596ebfd090b4f7b5434089b84e05] COMMAND MaximizeWindow {
}
[1708887242.764][INFO]: Waiting for pending navigations...
[1708887242.779][INFO]: Done waiting for pending navigations. Status: ok
[1708887242.924][INFO]: Waiting for pending navigations...
[1708887242.926][INFO]: Done waiting for pending navigations. Status: ok
[1708887242.926][INFO]: [9044596ebfd090b4f7b5434089b84e05] RESPONSE MaximizeWindow {
   "height": 832,
   "width": 1552,
   "x": -8,
   "y": -8
}
[1708887242.972][INFO]: [9044596ebfd090b4f7b5434089b84e05] COMMAND SetTimeouts {
   "implicit": 30000
}
[1708887242.972][INFO]: [9044596ebfd090b4f7b5434089b84e05] RESPONSE SetTimeouts
[1708887242.987][INFO]: [9044596ebfd090b4f7b5434089b84e05] COMMAND Navigate {
   "url": "https://www.google.com/"
}
[1708887242.988][INFO]: Waiting for pending navigations...
[1708887242.989][INFO]: Done waiting for pending navigations. Status: ok
[1708887243.303][INFO]: Waiting for pending navigations...
[1708887245.411][INFO]: Done waiting for pending navigations. Status: ok
[1708887245.412][INFO]: [9044596ebfd090b4f7b5434089b84e05] RESPONSE Navigate
[1708887245.432][INFO]: [9044596ebfd090b4f7b5434089b84e05] COMMAND GetUrl {
}
[1708887245.432][INFO]: Waiting for pending navigations...
[1708887245.435][INFO]: Done waiting for pending navigations. Status: ok
[1708887245.455][INFO]: Waiting for pending navigations...
[1708887245.456][INFO]: Done waiting for pending navigations. Status: ok
[1708887245.456][INFO]: [9044596ebfd090b4f7b5434089b84e05] RESPONSE GetUrl "https://www.google.com/"
[1708887245.466][INFO]: [9044596ebfd090b4f7b5434089b84e05] COMMAND FindElement {
   "using": "css selector",
   "value": "#APjFqb"
}
[1708887245.466][INFO]: Waiting for pending navigations...
[1708887245.467][INFO]: Done waiting for pending navigations. Status: ok
[1708887245.489][INFO]: Waiting for pending navigations...
[1708887245.490][INFO]: Done waiting for pending navigations. Status: ok
[1708887245.490][INFO]: [9044596ebfd090b4f7b5434089b84e05] RESPONSE FindElement {
   "element-6066-11e4-a52e-4f735466cecf": "A0B8F89EB2B1131F12CD5509D51D212C_element_4"
}
[1708887245.523][INFO]: [9044596ebfd090b4f7b5434089b84e05] COMMAND TypeElement {
   "id": "A0B8F89EB2B1131F12CD5509D51D212C_element_4",
   "text": "calculator",
   "value": [ "c", "a", "l", "c", "u", "l", "a", "t", "o", "r" ]
}
[1708887245.523][INFO]: Waiting for pending navigations...
[1708887245.525][INFO]: Done waiting for pending navigations. Status: ok
[1708887245.686][INFO]: Waiting for pending navigations...
[1708887245.702][INFO]: Done waiting for pending navigations. Status: ok
[1708887245.702][INFO]: [9044596ebfd090b4f7b5434089b84e05] RESPONSE TypeElement
[1708887245.731][INFO]: [9044596ebfd090b4f7b5434089b84e05] COMMAND TypeElement {
   "id": "A0B8F89EB2B1131F12CD5509D51D212C_element_4",
   "text": "",
   "value": [ "" ]
}
[1708887245.731][INFO]: Waiting for pending navigations...
[1708887245.736][INFO]: Done waiting for pending navigations. Status: ok
[1708887245.887][INFO]: Waiting for pending navigations...
[1708887246.034][INFO]: Done waiting for pending navigations. Status: ok
[1708887246.034][INFO]: [9044596ebfd090b4f7b5434089b84e05] RESPONSE TypeElement
[1708887246.051][INFO]: [9044596ebfd090b4f7b5434089b84e05] COMMAND FindElement {
   "using": "xpath",
   "value": "//div[@class='MjjYud']//div[@jscontroller='qxNryb']"
}
[1708887246.051][INFO]: Waiting for pending navigations...
[1708887246.051][INFO]: Done waiting for pending navigations. Status: ok
[1708887246.231][INFO]: Waiting for pending navigations...
[1708887247.687][INFO]: Done waiting for pending navigations. Status: ok
[1708887247.687][INFO]: [9044596ebfd090b4f7b5434089b84e05] RESPONSE FindElement {
   "element-6066-11e4-a52e-4f735466cecf": "763EB2ECC466668A577DDF7F415D569C_element_24"
}
[1708887247.700][INFO]: [9044596ebfd090b4f7b5434089b84e05] COMMAND GetElementText {
   "id": "763EB2ECC466668A577DDF7F415D569C_element_24"
}
[1708887247.700][INFO]: Waiting for pending navigations...
[1708887247.701][INFO]: Done waiting for pending navigations. Status: ok
[1708887247.791][INFO]: Waiting for pending navigations...
[1708887247.792][INFO]: Done waiting for pending navigations. Status: ok
[1708887247.792][INFO]: [9044596ebfd090b4f7b5434089b84e05] RESPONSE GetElementText "Calculator result\n0\nYou can search for any mathematical expression, using functions such as: sin, cos, sqrt, etc. You can find a complete list of functions here.\nRad\nDeg\nx!\nInv\nsin\nln\nπ\ncos\nlog\ne\n..."
[1708887247.803][INFO]: [9044596ebfd090b4f7b5434089b84e05] COMMAND FindElement {
   "using": "xpath",
   "value": "//div[@jsname='zLiRgc']/span"
}
[1708887247.803][INFO]: Waiting for pending navigations...
[1708887247.803][INFO]: Done waiting for pending navigations. Status: ok
[1708887247.823][INFO]: Waiting for pending navigations...
[1708887247.824][INFO]: Done waiting for pending navigations. Status: ok
[1708887247.824][INFO]: [9044596ebfd090b4f7b5434089b84e05] RESPONSE FindElement {
   "element-6066-11e4-a52e-4f735466cecf": "763EB2ECC466668A577DDF7F415D569C_element_36"
}
[1708887247.835][INFO]: [9044596ebfd090b4f7b5434089b84e05] COMMAND GetElementText {
   "id": "763EB2ECC466668A577DDF7F415D569C_element_36"
}
[1708887247.835][INFO]: Waiting for pending navigations...
[1708887247.836][INFO]: Done waiting for pending navigations. Status: ok
[1708887247.848][INFO]: Waiting for pending navigations...
[1708887247.848][INFO]: Done waiting for pending navigations. Status: ok
[1708887247.848][INFO]: [9044596ebfd090b4f7b5434089b84e05] RESPONSE GetElementText "0"
[1708887247.859][INFO]: [9044596ebfd090b4f7b5434089b84e05] COMMAND Navigate {
   "url": "https://www.google.com/"
}
[1708887247.860][INFO]: Waiting for pending navigations...
[1708887247.861][INFO]: Done waiting for pending navigations. Status: ok
[1708887247.995][INFO]: Waiting for pending navigations...
[1708887248.507][INFO]: Done waiting for pending navigations. Status: ok
[1708887248.507][INFO]: [9044596ebfd090b4f7b5434089b84e05] RESPONSE Navigate
[1708887248.539][INFO]: [9044596ebfd090b4f7b5434089b84e05] COMMAND FindElement {
   "using": "css selector",
   "value": "#APjFqb"
}
[1708887248.539][INFO]: Waiting for pending navigations...
[1708887248.544][INFO]: Done waiting for pending navigations. Status: ok
[1708887248.739][INFO]: Waiting for pending navigations...
[1708887248.759][INFO]: Done waiting for pending navigations. Status: ok
[1708887248.759][INFO]: [9044596ebfd090b4f7b5434089b84e05] RESPONSE FindElement {
   "element-6066-11e4-a52e-4f735466cecf": "6B4B50061F16E5933EDA5154DEB4F77C_element_38"
}
[1708887248.769][INFO]: [9044596ebfd090b4f7b5434089b84e05] COMMAND TypeElement {
   "id": "6B4B50061F16E5933EDA5154DEB4F77C_element_38",
   "text": "calculator",
   "value": [ "c", "a", "l", "c", "u", "l", "a", "t", "o", "r" ]
}
[1708887248.769][INFO]: Waiting for pending navigations...
[1708887248.770][INFO]: Done waiting for pending navigations. Status: ok
[1708887248.925][INFO]: Waiting for pending navigations...
[1708887248.929][INFO]: Done waiting for pending navigations. Status: ok
[1708887248.929][INFO]: [9044596ebfd090b4f7b5434089b84e05] RESPONSE TypeElement
[1708887248.955][INFO]: [9044596ebfd090b4f7b5434089b84e05] COMMAND TypeElement {
   "id": "6B4B50061F16E5933EDA5154DEB4F77C_element_38",
   "text": "",
   "value": [ "" ]
}
[1708887248.955][INFO]: Waiting for pending navigations...
[1708887248.996][INFO]: Done waiting for pending navigations. Status: ok
[1708887249.060][INFO]: Waiting for pending navigations...
[1708887249.177][INFO]: Done waiting for pending navigations. Status: ok
[1708887249.177][INFO]: [9044596ebfd090b4f7b5434089b84e05] RESPONSE TypeElement
[1708887249.197][INFO]: [9044596ebfd090b4f7b5434089b84e05] COMMAND FindElement {
   "using": "xpath",
   "value": "//div[@jsname='Ax5wH']"
}
[1708887249.197][INFO]: Waiting for pending navigations...
[1708887249.197][INFO]: Done waiting for pending navigations. Status: ok
[1708887249.391][INFO]: Waiting for pending navigations...
[1708887250.128][INFO]: Done waiting for pending navigations. Status: ok
[1708887250.128][INFO]: [9044596ebfd090b4f7b5434089b84e05] RESPONSE FindElement {
   "element-6066-11e4-a52e-4f735466cecf": "47C61F803FB3D5BFD2227A8728F7C3E3_element_66"
}
[1708887250.138][INFO]: [9044596ebfd090b4f7b5434089b84e05] COMMAND ClickElement {
   "id": "47C61F803FB3D5BFD2227A8728F7C3E3_element_66"
}
[1708887250.138][INFO]: Waiting for pending navigations...
[1708887250.221][INFO]: Done waiting for pending navigations. Status: ok
[1708887250.438][INFO]: Waiting for pending navigations...
[1708887250.440][INFO]: Done waiting for pending navigations. Status: ok
[1708887250.440][INFO]: [9044596ebfd090b4f7b5434089b84e05] RESPONSE ClickElement
[1708887250.448][INFO]: [9044596ebfd090b4f7b5434089b84e05] COMMAND FindElement {
   "using": "xpath",
   "value": "//div[@aria-label='plus']"
}
[1708887250.448][INFO]: Waiting for pending navigations...
[1708887250.449][INFO]: Done waiting for pending navigations. Status: ok
[1708887250.465][INFO]: Waiting for pending navigations...
[1708887250.466][INFO]: Done waiting for pending navigations. Status: ok
[1708887250.466][INFO]: [9044596ebfd090b4f7b5434089b84e05] RESPONSE FindElement {
   "element-6066-11e4-a52e-4f735466cecf": "47C61F803FB3D5BFD2227A8728F7C3E3_element_73"
}
[1708887250.480][INFO]: [9044596ebfd090b4f7b5434089b84e05] COMMAND ClickElement {
   "id": "47C61F803FB3D5BFD2227A8728F7C3E3_element_73"
}
[1708887250.480][INFO]: Waiting for pending navigations...
[1708887250.481][INFO]: Done waiting for pending navigations. Status: ok
[1708887250.545][INFO]: Waiting for pending navigations...
[1708887250.547][INFO]: Done waiting for pending navigations. Status: ok
[1708887250.547][INFO]: [9044596ebfd090b4f7b5434089b84e05] RESPONSE ClickElement
[1708887250.557][INFO]: [9044596ebfd090b4f7b5434089b84e05] COMMAND FindElement {
   "using": "xpath",
   "value": "//div[@jsname='rk7bOd']"
}
[1708887250.557][INFO]: Waiting for pending navigations...
[1708887250.557][INFO]: Done waiting for pending navigations. Status: ok
[1708887250.571][INFO]: Waiting for pending navigations...
[1708887250.571][INFO]: Done waiting for pending navigations. Status: ok
[1708887250.571][INFO]: [9044596ebfd090b4f7b5434089b84e05] RESPONSE FindElement {
   "element-6066-11e4-a52e-4f735466cecf": "47C61F803FB3D5BFD2227A8728F7C3E3_element_75"
}
[1708887250.577][INFO]: [9044596ebfd090b4f7b5434089b84e05] COMMAND ClickElement {
   "id": "47C61F803FB3D5BFD2227A8728F7C3E3_element_75"
}
[1708887250.577][INFO]: Waiting for pending navigations...
[1708887250.578][INFO]: Done waiting for pending navigations. Status: ok
[1708887250.638][INFO]: Waiting for pending navigations...
[1708887250.641][INFO]: Done waiting for pending navigations. Status: ok
[1708887250.641][INFO]: [9044596ebfd090b4f7b5434089b84e05] RESPONSE ClickElement
[1708887250.650][INFO]: [9044596ebfd090b4f7b5434089b84e05] COMMAND FindElement {
   "using": "xpath",
   "value": "//div[@aria-label='equals']"
}
[1708887250.650][INFO]: Waiting for pending navigations...
[1708887250.652][INFO]: Done waiting for pending navigations. Status: ok
[1708887250.679][INFO]: Waiting for pending navigations...
[1708887250.680][INFO]: Done waiting for pending navigations. Status: ok
[1708887250.680][INFO]: [9044596ebfd090b4f7b5434089b84e05] RESPONSE FindElement {
   "element-6066-11e4-a52e-4f735466cecf": "47C61F803FB3D5BFD2227A8728F7C3E3_element_76"
}
[1708887250.689][INFO]: [9044596ebfd090b4f7b5434089b84e05] COMMAND ClickElement {
   "id": "47C61F803FB3D5BFD2227A8728F7C3E3_element_76"
}
[1708887250.689][INFO]: Waiting for pending navigations...
[1708887250.690][INFO]: Done waiting for pending navigations. Status: ok
[1708887250.767][INFO]: Waiting for pending navigations...
[1708887250.769][INFO]: Done waiting for pending navigations. Status: ok
[1708887250.769][INFO]: [9044596ebfd090b4f7b5434089b84e05] RESPONSE ClickElement
[1708887250.779][INFO]: [9044596ebfd090b4f7b5434089b84e05] COMMAND FindElement {
   "using": "xpath",
   "value": "//div[@jsname='zLiRgc']/span"
}
[1708887250.779][INFO]: Waiting for pending navigations...
[1708887250.780][INFO]: Done waiting for pending navigations. Status: ok
[1708887250.792][INFO]: Waiting for pending navigations...
[1708887250.802][INFO]: Done waiting for pending navigations. Status: ok
[1708887250.802][INFO]: [9044596ebfd090b4f7b5434089b84e05] RESPONSE FindElement {
   "element-6066-11e4-a52e-4f735466cecf": "47C61F803FB3D5BFD2227A8728F7C3E3_element_74"
}
[1708887250.813][INFO]: [9044596ebfd090b4f7b5434089b84e05] COMMAND GetElementText {
   "id": "47C61F803FB3D5BFD2227A8728F7C3E3_element_74"
}
[1708887250.814][INFO]: Waiting for pending navigations...
[1708887250.815][INFO]: Done waiting for pending navigations. Status: ok
[1708887250.830][INFO]: Waiting for pending navigations...
[1708887250.832][INFO]: Done waiting for pending navigations. Status: ok
[1708887250.833][INFO]: [9044596ebfd090b4f7b5434089b84e05] RESPONSE GetElementText "12"
[1708887250.839][INFO]: [9044596ebfd090b4f7b5434089b84e05] COMMAND FindElement {
   "using": "xpath",
   "value": "//div[@jsname='N10B9']"
}
[1708887250.839][INFO]: Waiting for pending navigations...
[1708887250.840][INFO]: Done waiting for pending navigations. Status: ok
[1708887250.864][INFO]: Waiting for pending navigations...
[1708887250.869][INFO]: Done waiting for pending navigations. Status: ok
[1708887250.869][INFO]: [9044596ebfd090b4f7b5434089b84e05] RESPONSE FindElement {
   "element-6066-11e4-a52e-4f735466cecf": "47C61F803FB3D5BFD2227A8728F7C3E3_element_81"
}
[1708887250.884][INFO]: [9044596ebfd090b4f7b5434089b84e05] COMMAND ClickElement {
   "id": "47C61F803FB3D5BFD2227A8728F7C3E3_element_81"
}
[1708887250.884][INFO]: Waiting for pending navigations...
[1708887250.885][INFO]: Done waiting for pending navigations. Status: ok
[1708887250.999][INFO]: Waiting for pending navigations...
[1708887251.003][INFO]: Done waiting for pending navigations. Status: ok
[1708887251.003][INFO]: [9044596ebfd090b4f7b5434089b84e05] RESPONSE ClickElement
[1708887251.013][INFO]: [9044596ebfd090b4f7b5434089b84e05] COMMAND FindElement {
   "using": "xpath",
   "value": "//div[@jsname='Ax5wH']"
}
[1708887251.013][INFO]: Waiting for pending navigations...
[1708887251.015][INFO]: Done waiting for pending navigations. Status: ok
[1708887251.026][INFO]: Waiting for pending navigations...
[1708887251.026][INFO]: Done waiting for pending navigations. Status: ok
[1708887251.026][INFO]: [9044596ebfd090b4f7b5434089b84e05] RESPONSE FindElement {
   "element-6066-11e4-a52e-4f735466cecf": "47C61F803FB3D5BFD2227A8728F7C3E3_element_66"
}
[1708887251.043][INFO]: [9044596ebfd090b4f7b5434089b84e05] COMMAND ClickElement {
   "id": "47C61F803FB3D5BFD2227A8728F7C3E3_element_66"
}
[1708887251.043][INFO]: Waiting for pending navigations...
[1708887251.044][INFO]: Done waiting for pending navigations. Status: ok
[1708887251.107][INFO]: Waiting for pending navigations...
[1708887251.107][INFO]: Done waiting for pending navigations. Status: ok
[1708887251.107][INFO]: [9044596ebfd090b4f7b5434089b84e05] RESPONSE ClickElement
[1708887251.117][INFO]: [9044596ebfd090b4f7b5434089b84e05] COMMAND FindElement {
   "using": "xpath",
   "value": "//div[@aria-label='minus']"
}
[1708887251.117][INFO]: Waiting for pending navigations...
[1708887251.118][INFO]: Done waiting for pending navigations. Status: ok
[1708887251.135][INFO]: Waiting for pending navigations...
[1708887251.136][INFO]: Done waiting for pending navigations. Status: ok
[1708887251.136][INFO]: [9044596ebfd090b4f7b5434089b84e05] RESPONSE FindElement {
   "element-6066-11e4-a52e-4f735466cecf": "47C61F803FB3D5BFD2227A8728F7C3E3_element_82"
}
[1708887251.144][INFO]: [9044596ebfd090b4f7b5434089b84e05] COMMAND ClickElement {
   "id": "47C61F803FB3D5BFD2227A8728F7C3E3_element_82"
}
[1708887251.144][INFO]: Waiting for pending navigations...
[1708887251.146][INFO]: Done waiting for pending navigations. Status: ok
[1708887251.219][INFO]: Waiting for pending navigations...
[1708887251.222][INFO]: Done waiting for pending navigations. Status: ok
[1708887251.222][INFO]: [9044596ebfd090b4f7b5434089b84e05] RESPONSE ClickElement
[1708887251.232][INFO]: [9044596ebfd090b4f7b5434089b84e05] COMMAND FindElement {
   "using": "xpath",
   "value": "//div[@jsname='T7PMFe']"
}
[1708887251.233][INFO]: Waiting for pending navigations...
[1708887251.234][INFO]: Done waiting for pending navigations. Status: ok
[1708887251.266][INFO]: Waiting for pending navigations...
[1708887251.267][INFO]: Done waiting for pending navigations. Status: ok
[1708887251.267][INFO]: [9044596ebfd090b4f7b5434089b84e05] RESPONSE FindElement {
   "element-6066-11e4-a52e-4f735466cecf": "47C61F803FB3D5BFD2227A8728F7C3E3_element_83"
}
[1708887251.276][INFO]: [9044596ebfd090b4f7b5434089b84e05] COMMAND ClickElement {
   "id": "47C61F803FB3D5BFD2227A8728F7C3E3_element_83"
}
[1708887251.276][INFO]: Waiting for pending navigations...
[1708887251.277][INFO]: Done waiting for pending navigations. Status: ok
[1708887251.334][INFO]: Waiting for pending navigations...
[1708887251.336][INFO]: Done waiting for pending navigations. Status: ok
[1708887251.337][INFO]: [9044596ebfd090b4f7b5434089b84e05] RESPONSE ClickElement
[1708887251.343][INFO]: [9044596ebfd090b4f7b5434089b84e05] COMMAND FindElement {
   "using": "xpath",
   "value": "//div[@aria-label='equals']"
}
[1708887251.343][INFO]: Waiting for pending navigations...
[1708887251.344][INFO]: Done waiting for pending navigations. Status: ok
[1708887251.353][INFO]: Waiting for pending navigations...
[1708887251.354][INFO]: Done waiting for pending navigations. Status: ok
[1708887251.354][INFO]: [9044596ebfd090b4f7b5434089b84e05] RESPONSE FindElement {
   "element-6066-11e4-a52e-4f735466cecf": "47C61F803FB3D5BFD2227A8728F7C3E3_element_76"
}
[1708887251.360][INFO]: [9044596ebfd090b4f7b5434089b84e05] COMMAND ClickElement {
   "id": "47C61F803FB3D5BFD2227A8728F7C3E3_element_76"
}
[1708887251.360][INFO]: Waiting for pending navigations...
[1708887251.361][INFO]: Done waiting for pending navigations. Status: ok
[1708887251.413][INFO]: Waiting for pending navigations...
[1708887251.415][INFO]: Done waiting for pending navigations. Status: ok
[1708887251.415][INFO]: [9044596ebfd090b4f7b5434089b84e05] RESPONSE ClickElement
[1708887251.421][INFO]: [9044596ebfd090b4f7b5434089b84e05] COMMAND FindElement {
   "using": "xpath",
   "value": "//div[@jsname='zLiRgc']/span"
}
[1708887251.422][INFO]: Waiting for pending navigations...
[1708887251.422][INFO]: Done waiting for pending navigations. Status: ok
[1708887251.433][INFO]: Waiting for pending navigations...
[1708887251.433][INFO]: Done waiting for pending navigations. Status: ok
[1708887251.433][INFO]: [9044596ebfd090b4f7b5434089b84e05] RESPONSE FindElement {
   "element-6066-11e4-a52e-4f735466cecf": "47C61F803FB3D5BFD2227A8728F7C3E3_element_74"
}
[1708887251.437][INFO]: [9044596ebfd090b4f7b5434089b84e05] COMMAND GetElementText {
   "id": "47C61F803FB3D5BFD2227A8728F7C3E3_element_74"
}
[1708887251.437][INFO]: Waiting for pending navigations...
[1708887251.438][INFO]: Done waiting for pending navigations. Status: ok
[1708887251.451][INFO]: Waiting for pending navigations...
[1708887251.452][INFO]: Done waiting for pending navigations. Status: ok
[1708887251.452][INFO]: [9044596ebfd090b4f7b5434089b84e05] RESPONSE GetElementText "7"
[1708887251.457][INFO]: [9044596ebfd090b4f7b5434089b84e05] COMMAND Navigate {
   "url": "https://www.google.com/"
}
[1708887251.457][INFO]: Waiting for pending navigations...
[1708887251.458][INFO]: Done waiting for pending navigations. Status: ok
[1708887251.617][INFO]: Waiting for pending navigations...
[1708887252.138][INFO]: Done waiting for pending navigations. Status: ok
[1708887252.139][INFO]: [9044596ebfd090b4f7b5434089b84e05] RESPONSE Navigate
[1708887252.148][INFO]: [9044596ebfd090b4f7b5434089b84e05] COMMAND FindElement {
   "using": "css selector",
   "value": "#APjFqb"
}
[1708887252.149][INFO]: Waiting for pending navigations...
[1708887252.242][INFO]: Done waiting for pending navigations. Status: ok
[1708887252.315][INFO]: Waiting for pending navigations...
[1708887252.317][INFO]: Done waiting for pending navigations. Status: ok
[1708887252.317][INFO]: [9044596ebfd090b4f7b5434089b84e05] RESPONSE FindElement {
   "element-6066-11e4-a52e-4f735466cecf": "AC3F35A9AD7E813C6EE6CE42434C48DB_element_87"
}
[1708887252.322][INFO]: [9044596ebfd090b4f7b5434089b84e05] COMMAND TypeElement {
   "id": "AC3F35A9AD7E813C6EE6CE42434C48DB_element_87",
   "text": "calculator",
   "value": [ "c", "a", "l", "c", "u", "l", "a", "t", "o", "r" ]
}
[1708887252.322][INFO]: Waiting for pending navigations...
[1708887252.323][INFO]: Done waiting for pending navigations. Status: ok
[1708887252.427][INFO]: Waiting for pending navigations...
[1708887252.433][INFO]: Done waiting for pending navigations. Status: ok
[1708887252.433][INFO]: [9044596ebfd090b4f7b5434089b84e05] RESPONSE TypeElement
[1708887252.440][INFO]: [9044596ebfd090b4f7b5434089b84e05] COMMAND TypeElement {
   "id": "AC3F35A9AD7E813C6EE6CE42434C48DB_element_87",
   "text": "",
   "value": [ "" ]
}
[1708887252.440][INFO]: Waiting for pending navigations...
[1708887252.441][INFO]: Done waiting for pending navigations. Status: ok
[1708887252.478][INFO]: Waiting for pending navigations...
[1708887252.623][INFO]: Done waiting for pending navigations. Status: ok
[1708887252.623][INFO]: [9044596ebfd090b4f7b5434089b84e05] RESPONSE TypeElement
[1708887252.633][INFO]: [9044596ebfd090b4f7b5434089b84e05] COMMAND FindElement {
   "using": "xpath",
   "value": "//div[@jsname='N10B9']"
}
[1708887252.633][INFO]: Waiting for pending navigations...
[1708887252.633][INFO]: Done waiting for pending navigations. Status: ok
[1708887252.764][INFO]: Waiting for pending navigations...
[1708887253.556][INFO]: Done waiting for pending navigations. Status: ok
[1708887253.557][INFO]: [9044596ebfd090b4f7b5434089b84e05] RESPONSE FindElement {
   "element-6066-11e4-a52e-4f735466cecf": "24BCF11330A00BBA7083B6783549A4E2_element_110"
}
[1708887253.564][INFO]: [9044596ebfd090b4f7b5434089b84e05] COMMAND ClickElement {
   "id": "24BCF11330A00BBA7083B6783549A4E2_element_110"
}
[1708887253.564][INFO]: Waiting for pending navigations...
[1708887253.580][INFO]: Done waiting for pending navigations. Status: ok
[1708887253.725][INFO]: Waiting for pending navigations...
[1708887253.727][INFO]: Done waiting for pending navigations. Status: ok
[1708887253.727][INFO]: [9044596ebfd090b4f7b5434089b84e05] RESPONSE ClickElement
[1708887253.735][INFO]: [9044596ebfd090b4f7b5434089b84e05] COMMAND FindElement {
   "using": "xpath",
   "value": "//div[@jsname='bkEvMb']"
}
[1708887253.735][INFO]: Waiting for pending navigations...
[1708887253.736][INFO]: Done waiting for pending navigations. Status: ok
[1708887253.754][INFO]: Waiting for pending navigations...
[1708887253.754][INFO]: Done waiting for pending navigations. Status: ok
[1708887253.754][INFO]: [9044596ebfd090b4f7b5434089b84e05] RESPONSE FindElement {
   "element-6066-11e4-a52e-4f735466cecf": "24BCF11330A00BBA7083B6783549A4E2_element_116"
}
[1708887253.766][INFO]: [9044596ebfd090b4f7b5434089b84e05] COMMAND ClickElement {
   "id": "24BCF11330A00BBA7083B6783549A4E2_element_116"
}
[1708887253.766][INFO]: Waiting for pending navigations...
[1708887253.767][INFO]: Done waiting for pending navigations. Status: ok
[1708887253.825][INFO]: Waiting for pending navigations...
[1708887253.833][INFO]: Done waiting for pending navigations. Status: ok
[1708887253.833][INFO]: [9044596ebfd090b4f7b5434089b84e05] RESPONSE ClickElement
[1708887253.837][INFO]: [9044596ebfd090b4f7b5434089b84e05] COMMAND FindElement {
   "using": "xpath",
   "value": "//div[@aria-label='multiply']"
}
[1708887253.837][INFO]: Waiting for pending navigations...
[1708887253.838][INFO]: Done waiting for pending navigations. Status: ok
[1708887253.853][INFO]: Waiting for pending navigations...
[1708887253.853][INFO]: Done waiting for pending navigations. Status: ok
[1708887253.853][INFO]: [9044596ebfd090b4f7b5434089b84e05] RESPONSE FindElement {
   "element-6066-11e4-a52e-4f735466cecf": "24BCF11330A00BBA7083B6783549A4E2_element_108"
}
[1708887253.859][INFO]: [9044596ebfd090b4f7b5434089b84e05] COMMAND ClickElement {
   "id": "24BCF11330A00BBA7083B6783549A4E2_element_108"
}
[1708887253.859][INFO]: Waiting for pending navigations...
[1708887253.860][INFO]: Done waiting for pending navigations. Status: ok
[1708887253.910][INFO]: Waiting for pending navigations...
[1708887253.912][INFO]: Done waiting for pending navigations. Status: ok
[1708887253.912][INFO]: [9044596ebfd090b4f7b5434089b84e05] RESPONSE ClickElement
[1708887253.919][INFO]: [9044596ebfd090b4f7b5434089b84e05] COMMAND FindElement {
   "using": "xpath",
   "value": "//div[@jsname='KN1kY']"
}
[1708887253.919][INFO]: Waiting for pending navigations...
[1708887253.920][INFO]: Done waiting for pending navigations. Status: ok
[1708887253.933][INFO]: Waiting for pending navigations...
[1708887253.934][INFO]: Done waiting for pending navigations. Status: ok
[1708887253.934][INFO]: [9044596ebfd090b4f7b5434089b84e05] RESPONSE FindElement {
   "element-6066-11e4-a52e-4f735466cecf": "24BCF11330A00BBA7083B6783549A4E2_element_120"
}
[1708887253.938][INFO]: [9044596ebfd090b4f7b5434089b84e05] COMMAND ClickElement {
   "id": "24BCF11330A00BBA7083B6783549A4E2_element_120"
}
[1708887253.938][INFO]: Waiting for pending navigations...
[1708887253.939][INFO]: Done waiting for pending navigations. Status: ok
[1708887253.990][INFO]: Waiting for pending navigations...
[1708887253.992][INFO]: Done waiting for pending navigations. Status: ok
[1708887253.992][INFO]: [9044596ebfd090b4f7b5434089b84e05] RESPONSE ClickElement
[1708887253.998][INFO]: [9044596ebfd090b4f7b5434089b84e05] COMMAND FindElement {
   "using": "xpath",
   "value": "//div[@aria-label='equals']"
}
[1708887253.998][INFO]: Waiting for pending navigations...
[1708887253.999][INFO]: Done waiting for pending navigations. Status: ok
[1708887254.008][INFO]: Waiting for pending navigations...
[1708887254.008][INFO]: Done waiting for pending navigations. Status: ok
[1708887254.008][INFO]: [9044596ebfd090b4f7b5434089b84e05] RESPONSE FindElement {
   "element-6066-11e4-a52e-4f735466cecf": "24BCF11330A00BBA7083B6783549A4E2_element_121"
}
[1708887254.012][INFO]: [9044596ebfd090b4f7b5434089b84e05] COMMAND ClickElement {
   "id": "24BCF11330A00BBA7083B6783549A4E2_element_121"
}
[1708887254.012][INFO]: Waiting for pending navigations...
[1708887254.012][INFO]: Done waiting for pending navigations. Status: ok
[1708887254.064][INFO]: Waiting for pending navigations...
[1708887254.066][INFO]: Done waiting for pending navigations. Status: ok
[1708887254.066][INFO]: [9044596ebfd090b4f7b5434089b84e05] RESPONSE ClickElement
[1708887254.072][INFO]: [9044596ebfd090b4f7b5434089b84e05] COMMAND FindElement {
   "using": "xpath",
   "value": "//div[@jsname='zLiRgc']/span"
}
[1708887254.072][INFO]: Waiting for pending navigations...
[1708887254.073][INFO]: Done waiting for pending navigations. Status: ok
[1708887254.084][INFO]: Waiting for pending navigations...
[1708887254.085][INFO]: Done waiting for pending navigations. Status: ok
[1708887254.085][INFO]: [9044596ebfd090b4f7b5434089b84e05] RESPONSE FindElement {
   "element-6066-11e4-a52e-4f735466cecf": "24BCF11330A00BBA7083B6783549A4E2_element_117"
}
[1708887254.088][INFO]: [9044596ebfd090b4f7b5434089b84e05] COMMAND GetElementText {
   "id": "24BCF11330A00BBA7083B6783549A4E2_element_117"
}
[1708887254.088][INFO]: Waiting for pending navigations...
[1708887254.089][INFO]: Done waiting for pending navigations. Status: ok
[1708887254.105][INFO]: Waiting for pending navigations...
[1708887254.105][INFO]: Done waiting for pending navigations. Status: ok
[1708887254.106][INFO]: [9044596ebfd090b4f7b5434089b84e05] RESPONSE GetElementText "30"
[1708887254.112][INFO]: [9044596ebfd090b4f7b5434089b84e05] COMMAND FindElement {
   "using": "xpath",
   "value": "//div[@aria-label='all clear']"
}
[1708887254.112][INFO]: Waiting for pending navigations...
[1708887254.113][INFO]: Done waiting for pending navigations. Status: ok
[1708887254.126][INFO]: Waiting for pending navigations...
[1708887254.130][INFO]: Done waiting for pending navigations. Status: ok
[1708887254.130][INFO]: [9044596ebfd090b4f7b5434089b84e05] RESPONSE FindElement {
   "element-6066-11e4-a52e-4f735466cecf": "24BCF11330A00BBA7083B6783549A4E2_element_126"
}
[1708887254.149][INFO]: [9044596ebfd090b4f7b5434089b84e05] COMMAND ClickElement {
   "id": "24BCF11330A00BBA7083B6783549A4E2_element_126"
}
[1708887254.149][INFO]: Waiting for pending navigations...
[1708887254.151][INFO]: Done waiting for pending navigations. Status: ok
[1708887254.226][INFO]: Waiting for pending navigations...
[1708887254.231][INFO]: Done waiting for pending navigations. Status: ok
[1708887254.231][INFO]: [9044596ebfd090b4f7b5434089b84e05] RESPONSE ClickElement
[1708887254.237][INFO]: [9044596ebfd090b4f7b5434089b84e05] COMMAND FindElement {
   "using": "xpath",
   "value": "//div[@jsname='zLiRgc']/span"
}
[1708887254.237][INFO]: Waiting for pending navigations...
[1708887254.238][INFO]: Done waiting for pending navigations. Status: ok
[1708887254.249][INFO]: Waiting for pending navigations...
[1708887254.250][INFO]: Done waiting for pending navigations. Status: ok
[1708887254.250][INFO]: [9044596ebfd090b4f7b5434089b84e05] RESPONSE FindElement {
   "element-6066-11e4-a52e-4f735466cecf": "24BCF11330A00BBA7083B6783549A4E2_element_117"
}
[1708887254.253][INFO]: [9044596ebfd090b4f7b5434089b84e05] COMMAND GetElementText {
   "id": "24BCF11330A00BBA7083B6783549A4E2_element_117"
}
[1708887254.253][INFO]: Waiting for pending navigations...
[1708887254.254][INFO]: Done waiting for pending navigations. Status: ok
[1708887254.265][INFO]: Waiting for pending navigations...
[1708887254.265][INFO]: Done waiting for pending navigations. Status: ok
[1708887254.265][INFO]: [9044596ebfd090b4f7b5434089b84e05] RESPONSE GetElementText "0"
[1708887254.269][INFO]: [9044596ebfd090b4f7b5434089b84e05] COMMAND Navigate {
   "url": "https://www.google.com/"
}
[1708887254.269][INFO]: Waiting for pending navigations...
[1708887254.270][INFO]: Done waiting for pending navigations. Status: ok
[1708887254.416][INFO]: Waiting for pending navigations...
[1708887254.806][INFO]: Done waiting for pending navigations. Status: ok
[1708887254.806][INFO]: [9044596ebfd090b4f7b5434089b84e05] RESPONSE Navigate
[1708887254.813][INFO]: [9044596ebfd090b4f7b5434089b84e05] COMMAND FindElement {
   "using": "css selector",
   "value": "#APjFqb"
}
[1708887254.813][INFO]: Waiting for pending navigations...
[1708887254.813][INFO]: Done waiting for pending navigations. Status: ok
[1708887254.822][INFO]: Waiting for pending navigations...
[1708887254.826][INFO]: Done waiting for pending navigations. Status: ok
[1708887254.826][INFO]: [9044596ebfd090b4f7b5434089b84e05] RESPONSE FindElement {
   "element-6066-11e4-a52e-4f735466cecf": "FA3D96DEC4FFEF4587B6273D37ECC3F1_element_128"
}
[1708887254.831][INFO]: [9044596ebfd090b4f7b5434089b84e05] COMMAND TypeElement {
   "id": "FA3D96DEC4FFEF4587B6273D37ECC3F1_element_128",
   "text": "calculator",
   "value": [ "c", "a", "l", "c", "u", "l", "a", "t", "o", "r" ]
}
[1708887254.831][INFO]: Waiting for pending navigations...
[1708887254.832][INFO]: Done waiting for pending navigations. Status: ok
[1708887254.967][INFO]: Waiting for pending navigations...
[1708887254.978][INFO]: Done waiting for pending navigations. Status: ok
[1708887254.978][INFO]: [9044596ebfd090b4f7b5434089b84e05] RESPONSE TypeElement
[1708887254.986][INFO]: [9044596ebfd090b4f7b5434089b84e05] COMMAND TypeElement {
   "id": "FA3D96DEC4FFEF4587B6273D37ECC3F1_element_128",
   "text": "",
   "value": [ "" ]
}
[1708887254.986][INFO]: Waiting for pending navigations...
[1708887255.023][INFO]: Done waiting for pending navigations. Status: ok
[1708887255.113][INFO]: Waiting for pending navigations...
[1708887255.234][INFO]: Done waiting for pending navigations. Status: ok
[1708887255.234][INFO]: [9044596ebfd090b4f7b5434089b84e05] RESPONSE TypeElement
[1708887255.271][INFO]: [9044596ebfd090b4f7b5434089b84e05] COMMAND FindElement {
   "using": "xpath",
   "value": "//div[@jsname='lVjWed']"
}
[1708887255.271][INFO]: Waiting for pending navigations...
[1708887255.271][INFO]: Done waiting for pending navigations. Status: ok
[1708887255.374][INFO]: Waiting for pending navigations...
[1708887256.036][INFO]: Done waiting for pending navigations. Status: ok
[1708887256.036][INFO]: [9044596ebfd090b4f7b5434089b84e05] RESPONSE FindElement {
   "element-6066-11e4-a52e-4f735466cecf": "ED5F81C501FCBB45B2462110C07BF366_element_149"
}
[1708887256.044][INFO]: [9044596ebfd090b4f7b5434089b84e05] COMMAND ClickElement {
   "id": "ED5F81C501FCBB45B2462110C07BF366_element_149"
}
[1708887256.044][INFO]: Waiting for pending navigations...
[1708887256.074][INFO]: Done waiting for pending navigations. Status: ok
[1708887256.210][INFO]: Waiting for pending navigations...
[1708887256.211][INFO]: Done waiting for pending navigations. Status: ok
[1708887256.211][INFO]: [9044596ebfd090b4f7b5434089b84e05] RESPONSE ClickElement
[1708887256.225][INFO]: [9044596ebfd090b4f7b5434089b84e05] COMMAND FindElement {
   "using": "xpath",
   "value": "//div[@jsname='bkEvMb']"
}
[1708887256.225][INFO]: Waiting for pending navigations...
[1708887256.227][INFO]: Done waiting for pending navigations. Status: ok
[1708887256.242][INFO]: Waiting for pending navigations...
[1708887256.243][INFO]: Done waiting for pending navigations. Status: ok
[1708887256.243][INFO]: [9044596ebfd090b4f7b5434089b84e05] RESPONSE FindElement {
   "element-6066-11e4-a52e-4f735466cecf": "ED5F81C501FCBB45B2462110C07BF366_element_157"
}
[1708887256.252][INFO]: [9044596ebfd090b4f7b5434089b84e05] COMMAND ClickElement {
   "id": "ED5F81C501FCBB45B2462110C07BF366_element_157"
}
[1708887256.252][INFO]: Waiting for pending navigations...
[1708887256.253][INFO]: Done waiting for pending navigations. Status: ok
[1708887256.330][INFO]: Waiting for pending navigations...
[1708887256.333][INFO]: Done waiting for pending navigations. Status: ok
[1708887256.333][INFO]: [9044596ebfd090b4f7b5434089b84e05] RESPONSE ClickElement
[1708887256.341][INFO]: [9044596ebfd090b4f7b5434089b84e05] COMMAND FindElement {
   "using": "xpath",
   "value": "//div[@aria-label='divide']"
}
[1708887256.341][INFO]: Waiting for pending navigations...
[1708887256.342][INFO]: Done waiting for pending navigations. Status: ok
[1708887256.357][INFO]: Waiting for pending navigations...
[1708887256.358][INFO]: Done waiting for pending navigations. Status: ok
[1708887256.358][INFO]: [9044596ebfd090b4f7b5434089b84e05] RESPONSE FindElement {
   "element-6066-11e4-a52e-4f735466cecf": "ED5F81C501FCBB45B2462110C07BF366_element_159"
}
[1708887256.365][INFO]: [9044596ebfd090b4f7b5434089b84e05] COMMAND ClickElement {
   "id": "ED5F81C501FCBB45B2462110C07BF366_element_159"
}
[1708887256.365][INFO]: Waiting for pending navigations...
[1708887256.367][INFO]: Done waiting for pending navigations. Status: ok
[1708887256.420][INFO]: Waiting for pending navigations...
[1708887256.423][INFO]: Done waiting for pending navigations. Status: ok
[1708887256.423][INFO]: [9044596ebfd090b4f7b5434089b84e05] RESPONSE ClickElement
[1708887256.428][INFO]: [9044596ebfd090b4f7b5434089b84e05] COMMAND FindElement {
   "using": "xpath",
   "value": "//div[@jsname='xAP7E']"
}
[1708887256.428][INFO]: Waiting for pending navigations...
[1708887256.429][INFO]: Done waiting for pending navigations. Status: ok
[1708887256.442][INFO]: Waiting for pending navigations...
[1708887256.443][INFO]: Done waiting for pending navigations. Status: ok
[1708887256.443][INFO]: [9044596ebfd090b4f7b5434089b84e05] RESPONSE FindElement {
   "element-6066-11e4-a52e-4f735466cecf": "ED5F81C501FCBB45B2462110C07BF366_element_161"
}
[1708887256.447][INFO]: [9044596ebfd090b4f7b5434089b84e05] COMMAND ClickElement {
   "id": "ED5F81C501FCBB45B2462110C07BF366_element_161"
}
[1708887256.447][INFO]: Waiting for pending navigations...
[1708887256.448][INFO]: Done waiting for pending navigations. Status: ok
[1708887256.496][INFO]: Waiting for pending navigations...
[1708887256.498][INFO]: Done waiting for pending navigations. Status: ok
[1708887256.498][INFO]: [9044596ebfd090b4f7b5434089b84e05] RESPONSE ClickElement
[1708887256.504][INFO]: [9044596ebfd090b4f7b5434089b84e05] COMMAND FindElement {
   "using": "xpath",
   "value": "//div[@aria-label='equals']"
}
[1708887256.504][INFO]: Waiting for pending navigations...
[1708887256.505][INFO]: Done waiting for pending navigations. Status: ok
[1708887256.515][INFO]: Waiting for pending navigations...
[1708887256.516][INFO]: Done waiting for pending navigations. Status: ok
[1708887256.516][INFO]: [9044596ebfd090b4f7b5434089b84e05] RESPONSE FindElement {
   "element-6066-11e4-a52e-4f735466cecf": "ED5F81C501FCBB45B2462110C07BF366_element_162"
}
[1708887256.520][INFO]: [9044596ebfd090b4f7b5434089b84e05] COMMAND ClickElement {
   "id": "ED5F81C501FCBB45B2462110C07BF366_element_162"
}
[1708887256.520][INFO]: Waiting for pending navigations...
[1708887256.521][INFO]: Done waiting for pending navigations. Status: ok
[1708887256.571][INFO]: Waiting for pending navigations...
[1708887256.573][INFO]: Done waiting for pending navigations. Status: ok
[1708887256.573][INFO]: [9044596ebfd090b4f7b5434089b84e05] RESPONSE ClickElement
[1708887256.579][INFO]: [9044596ebfd090b4f7b5434089b84e05] COMMAND FindElement {
   "using": "xpath",
   "value": "//div[@jsname='zLiRgc']/span"
}
[1708887256.579][INFO]: Waiting for pending navigations...
[1708887256.580][INFO]: Done waiting for pending navigations. Status: ok
[1708887256.588][INFO]: Waiting for pending navigations...
[1708887256.589][INFO]: Done waiting for pending navigations. Status: ok
[1708887256.589][INFO]: [9044596ebfd090b4f7b5434089b84e05] RESPONSE FindElement {
   "element-6066-11e4-a52e-4f735466cecf": "ED5F81C501FCBB45B2462110C07BF366_element_158"
}
[1708887256.593][INFO]: [9044596ebfd090b4f7b5434089b84e05] COMMAND GetElementText {
   "id": "ED5F81C501FCBB45B2462110C07BF366_element_158"
}
[1708887256.593][INFO]: Waiting for pending navigations...
[1708887256.595][INFO]: Done waiting for pending navigations. Status: ok
[1708887256.605][INFO]: Waiting for pending navigations...
[1708887256.606][INFO]: Done waiting for pending navigations. Status: ok
[1708887256.606][INFO]: [9044596ebfd090b4f7b5434089b84e05] RESPONSE GetElementText "5"
[1708887256.616][INFO]: [9044596ebfd090b4f7b5434089b84e05] COMMAND CloseWindow {
}
[1708887256.865][SEVERE]: Unable to receive message from renderer
[1708887257.393][INFO]: [9044596ebfd090b4f7b5434089b84e05] RESPONSE CloseWindow [  ]
